GROUP,PACKAGE,CLASS,INSTRUCTION_MISSED,INSTRUCTION_COVERED,BRANCH_MISSED,BRANCH_COVERED,LINE_MISSED,LINE_COVERED,COMPLEXITY_MISSED,COMPLEXITY_COVERED,METHOD_MISSED,METHOD_COVERED
d13revision,sg.edu.nus.iss.d13revision.controllers,PersonController,95,8,8,0,24,2,12,1,8,1
d13revision,sg.edu.nus.iss.d13revision.controllers,DataController,84,3,4,0,18,1,6,1,4,1
d13revision,sg.edu.nus.iss.d13revision,D13revisionApplication,38,15,2,0,9,5,2,2,1,2
d13revision,sg.edu.nus.iss.d13revision.models,PersonForm,17,0,0,0,7,0,5,0,5,0
d13revision,sg.edu.nus.iss.d13revision.models,Person,44,16,0,0,17,5,9,1,9,1
d13revision,sg.edu.nus.iss.d13revision.services,PersonService,90,26,0,0,14,5,6,1,6,1
